<?xml version="1.0" encoding="UTF-8"?>
<!-- Generated by org.testng.reporters.JUnitReportReporter -->
<testsuite hostname="DESKTOP-VTNNO66" failures="0" tests="4" name="practice.Test.GetProductInfoTest" time="73.968" errors="0" timestamp="2024-08-20T18:42:47 IST" skipped="0">
  <testcase classname="practice.Test.GetProductInfoTest" name="getProductInfoTtest" time="10.977"/>
  <testcase classname="practice.Test.GetProductInfoTest" name="getProductInfoTtest" time="12.242"/>
  <testcase classname="practice.Test.GetProductInfoTest" name="getProductInfoTtest" time="21.061"/>
  <testcase classname="practice.Test.GetProductInfoTest" name="getProductInfoTtest" time="29.688"/>
</testsuite> <!-- practice.Test.GetProductInfoTest -->
