<?xml version="1.0" encoding="UTF-8"?>
<!-- Generated by org.testng.reporters.JUnitReportReporter -->
<testsuite hostname="DESKTOP-VTNNO66" failures="0" tests="2" name="practice.homepagetest.HomePageVeriication" time="28.065" errors="0" timestamp="2024-08-26T13:15:48 IST" skipped="0">
  <testcase classname="practice.homepagetest.HomePageVeriication" name="homePageTest" time="14.213"/>
  <testcase classname="practice.homepagetest.HomePageVeriication" name="verifyLogoHomePageTest" time="13.852"/>
</testsuite> <!-- practice.homepagetest.HomePageVeriication -->
