<?xml version="1.0" encoding="UTF-8"?>
<!-- Generated by org.testng.reporters.JUnitReportReporter -->
<testsuite hostname="DESKTOP-VTNNO66" failures="0" tests="1" name="Ninja.HrmDetails2" time="15.604" errors="0" timestamp="2024-08-25T11:36:35 IST" skipped="0">
  <testcase classname="Ninja.HrmDetails2" name="projectDetails" time="15.604"/>
</testsuite> <!-- Ninja.HrmDetails2 -->
